commit 687c9594e2dd56513a63f5d8955a3f1e5a489989
Author: Paul Batchelor <pbatchelor@berklee.edu>
Date:   Fri Jun 27 19:18:09 2014 -0400

    strange instrument bug fixed..

commit f52096db33391c05548366002881fe28cfb74e9d
Author: Paul Batchelor <pbatchelor@berklee.edu>
Date:   Fri Jun 27 17:23:55 2014 -0400

    xmp now reads generated files... no sound

commit efbdb03e9e09f3f8fed82156e26c496a6e1baf0f
Author: Paul Batchelor <pbatchelor@berklee.edu>
Date:   Thu Jun 26 23:32:54 2014 -0400

    basic buffer implementation. very buggy... good enough for demos(?)

commit 7f2d5996fc2173a68d364792c8fabac579b1d751
Author: Paul Batchelor <pbatchelor@berklee.edu>
Date:   Thu Jun 26 19:26:38 2014 -0400

    fixed volume bug in makenote

commit 87a93bf689bc28d9e4976b63fbf62692ee9fdf8d
Author: Paul Batchelor <pbatchelor@berklee.edu>
Date:   Sat Jun 14 18:55:35 2014 -0400

    more lua functions added

commit d051b9e86fcb9d14b122314108dd9139ecf8958d
Author: Paul Batchelor <pbatchelor@berklee.edu>
Date:   Sat Jun 14 17:54:30 2014 -0400

    added initial lua functions

commit 21569e2d4216ccf379696fe0c91e9c9e0f1ae253
Author: Paul Batchelor <pbatchelor@berklee.edu>
Date:   Sat Jun 14 13:46:39 2014 -0400

    more housekeeping

commit e43bbfd951d6752d86736a6b51812d7589631eef
Author: Paul Batchelor <pbatchelor@berklee.edu>
Date:   Sat Jun 14 13:46:27 2014 -0400

    housekeeping...

commit f24094ac06fc96d0aaeaaf33e5b8714a7b086216
Author: Paul Batchelor <pbatchelor@berklee.edu>
Date:   Sat Jun 14 13:41:11 2014 -0400

    fixed dpcm encoding issue. any legal bitdepth accepted, 8 bit returned.

commit a4fd7780a294631ac0619e9b0c5d7059cfc7bd10
Author: Paul Batchelor <pbatchelor@berklee.edu>
Date:   Tue Jun 10 21:59:11 2014 -0400

    initial lua stuff. untested

commit 7bc6255eab4752dec14cfcf897ff1911da9bc1cd
Author: Paul Batchelor <pbatchelor@berklee.edu>
Date:   Tue Jun 10 18:24:16 2014 -0400

    added basic sample support

commit 465c4a1f3aaf2231897d6ee7ee2439a72db1cb3e
Author: Paul Batchelor <pbatchelor@berklee.edu>
Date:   Wed May 21 19:34:07 2014 -0400

    added sample support... kind of

commit 73c5a854d150de698823b16ecb348fb34919d579
Author: Paul Batchelor <pbatchelor@berklee.edu>
Date:   Mon May 19 15:55:05 2014 -0400

    added initial testing for samples in instruments

commit 3d1a053ac598a4d261c071c42eebc0d70035fd8f
Author: Paul Batchelor <pbatchelor@berklee.edu>
Date:   Mon May 12 10:37:48 2014 -0400

    added basic note generation

commit d7b41b33e243911fefe4ab78d64063e106dd8c60
Author: Paul Batchelor <pbatchelor@berklee.edu>
Date:   Mon May 12 06:28:15 2014 -0400

    initial commit
